<?xml version="1.0" encoding="UTF-8"?>
<!-- Generated by org.testng.reporters.JUnitReportReporter -->
<testsuite skipped="0" hostname="GFL-1795" name="keys.KeysTests" tests="2" failures="0" timestamp="2022-09-30T15:53:48 EEST" time="3.280" errors="0">
  <testcase name="testPi" time="1.876" classname="keys.KeysTests"/>
  <system-out/>
  <testcase name="testBackSpace" time="1.404" classname="keys.KeysTests"/>
  <system-out/>
</testsuite> <!-- keys.KeysTests -->
