<?xml version="1.0" encoding="UTF-8"?>
<!-- Generated by org.testng.reporters.JUnitReportReporter -->
<testsuite skipped="0" hostname="GFL-1795" name="alerts.AlertsTests" tests="3" failures="0" timestamp="2022-09-30T15:53:48 EEST" time="20.392" errors="0">
  <testcase name="testSetInputInAlert" time="6.363" classname="alerts.AlertsTests"/>
  <system-out/>
  <testcase name="testAcceptAlert" time="6.609" classname="alerts.AlertsTests"/>
  <system-out/>
  <testcase name="testGetTextFromAlert" time="7.420" classname="alerts.AlertsTests"/>
  <system-out/>
</testsuite> <!-- alerts.AlertsTests -->
