<?xml version="1.0" encoding="UTF-8"?>
<!-- Generated by org.testng.reporters.JUnitReportReporter -->
<testsuite skipped="0" hostname="GFL-1795" name="slider.HorizontalSliderTests" tests="1" failures="0" timestamp="2022-09-30T15:53:48 EEST" time="13.442" errors="0">
  <testcase name="testSlider" time="13.442" classname="slider.HorizontalSliderTests"/>
  <system-out/>
</testsuite> <!-- slider.HorizontalSliderTests -->
