<?xml version="1.0" encoding="UTF-8"?>
<!-- Generated by org.testng.reporters.JUnitReportReporter -->
<testsuite skipped="0" hostname="GFL-1795" name="alerts.AlertsTests" tests="3" failures="0" timestamp="2022-09-26T21:57:04 EEST" time="5.458" errors="0">
  <testcase name="testAcceptAlert" time="1.541" classname="alerts.AlertsTests"/>
  <system-out/>
  <testcase name="testGetTextFromAlert" time="2.462" classname="alerts.AlertsTests"/>
  <system-out/>
  <testcase name="testSetInputInAlert" time="1.455" classname="alerts.AlertsTests"/>
  <system-out/>
</testsuite> <!-- alerts.AlertsTests -->
