<?xml version="1.0" encoding="UTF-8"?>
<!-- Generated by org.testng.reporters.JUnitReportReporter -->
<testsuite skipped="0" hostname="GFL-1795" name="keys.KeysTests" tests="2" failures="0" timestamp="2022-09-26T21:57:04 EEST" time="5.519" errors="0">
  <testcase name="testPi" time="1.813" classname="keys.KeysTests"/>
  <system-out/>
  <testcase name="testBackSpace" time="3.706" classname="keys.KeysTests"/>
  <system-out/>
</testsuite> <!-- keys.KeysTests -->
