<?xml version="1.0" encoding="UTF-8"?>
<!-- Generated by org.testng.reporters.JUnitReportReporter -->
<testsuite skipped="0" hostname="GFL-1795" name="slider.HorizontalSliderTests" tests="1" failures="0" timestamp="2022-09-26T21:57:04 EEST" time="4.243" errors="0">
  <testcase name="testSlider" time="4.243" classname="slider.HorizontalSliderTests"/>
  <system-out/>
</testsuite> <!-- slider.HorizontalSliderTests -->
